[2025-03-18 13:05:57] データ移行プロセスを開始します
[2025-03-18 13:05:57] Supabaseからのデータエクスポートを開始します...
[2025-03-18 13:05:57] Node.jsスクリプトを使用してSupabaseからデータをエクスポートします...
[2025-03-18 13:05:57] 必要なNode.jsパッケージをインストールしています...
[2025-03-18 13:05:58] Supabaseからのデータエクスポートを実行しています...
[2025-03-18 13:05:59] Supabaseからのデータエクスポートが正常に完了しました
[2025-03-18 13:05:59] スキーマファイル: /Users/ancient0328/Development/MCPserver/HARCA/temp/schema_20250318_130557.json, サイズ: 4.0K
[2025-03-18 13:05:59] データファイル: /Users/ancient0328/Development/MCPserver/HARCA/temp/data_20250318_130557.json, サイズ: 104K
[2025-03-18 13:05:59] JSONデータをSQLに変換しています...
[2025-03-18 13:05:59] SQLファイルの生成が正常に完了しました: /Users/ancient0328/Development/MCPserver/HARCA/temp/import_data_20250318_130557.sql
[2025-03-18 13:05:59] SQLファイルサイズ: 104K
[2025-03-18 13:05:59] 警告: この操作により、データベース harca_db の既存データが上書きされる可能性があります。
[2025-03-18 13:06:05] 内部PostgreSQLへのデータインポートを開始します...
[2025-03-18 13:06:05] 内部PostgreSQLへのデータインポートが正常に完了しました。
[2025-03-18 13:06:05] データの整合性検証を開始します...
[2025-03-18 13:06:05] Supabaseのテーブル数: 1
[2025-03-18 13:06:05] 内部PostgreSQLのテーブル数:      0
[2025-03-18 13:06:05] テーブル code_vectors: Supabase=5行, 内部PostgreSQL=行
[2025-03-18 13:06:05] データ移行プロセスが完了しました
[2025-03-18 13:06:05] 移行ログは /Users/ancient0328/Development/MCPserver/HARCA/backups/migration_log_20250318_130557.log に保存されました
