[2025-03-18 13:08:57] データ移行プロセスを開始します
[2025-03-18 13:08:57] Supabaseからのデータエクスポートを開始します...
[2025-03-18 13:08:57] Node.jsスクリプトを使用してSupabaseからデータをエクスポートします...
[2025-03-18 13:08:57] 必要なNode.jsパッケージをインストールしています...
[2025-03-18 13:08:58] Supabaseからのデータエクスポートを実行しています...
[2025-03-18 13:08:58] Supabaseからのデータエクスポートが正常に完了しました
[2025-03-18 13:08:58] スキーマファイル: /Users/ancient0328/Development/MCPserver/HARCA/temp/schema_20250318_130857.json, サイズ: 4.0K
[2025-03-18 13:08:58] データファイル: /Users/ancient0328/Development/MCPserver/HARCA/temp/data_20250318_130857.json, サイズ: 104K
[2025-03-18 13:08:58] JSONデータをSQLに変換しています...
[2025-03-18 13:08:58] SQLファイルの生成が正常に完了しました: /Users/ancient0328/Development/MCPserver/HARCA/temp/import_data_20250318_130857.sql
[2025-03-18 13:08:58] SQLファイルサイズ: 104K
[2025-03-18 13:08:58] 警告: この操作により、データベース harca_db の既存データが上書きされる可能性があります。
[2025-03-18 13:09:06] 内部PostgreSQLでpgvector拡張機能が有効化されているか確認しています...
[2025-03-18 13:09:06] 内部PostgreSQLへのデータインポートを開始します...
[2025-03-18 13:09:06] 内部PostgreSQLへのデータインポートが正常に完了しました。
[2025-03-18 13:09:06] データの整合性検証を開始します...
[2025-03-18 13:09:06] Supabaseのテーブル数: 1
[2025-03-18 13:09:06] 内部PostgreSQLのテーブル数: 0
[2025-03-18 13:09:06] テーブル code_vectors: Supabase=5行, 内部PostgreSQL=5行
[2025-03-18 13:09:06] データ移行プロセスが完了しました
[2025-03-18 13:09:06] 移行ログは /Users/ancient0328/Development/MCPserver/HARCA/backups/migration_log_20250318_130857.log に保存されました
